<?xml version="1.0" encoding="UTF-8"?>
<testsuite xmlns:xsi="http://www.w3.org/2001/XMLSchema-instance" xsi:noNamespaceSchemaLocation="https://maven.apache.org/surefire/maven-surefire-plugin/xsd/surefire-test-report.xsd" name="TestSuite" time="76.336" tests="2" errors="0" skipped="0" failures="2">
  <properties>
[...]
</properties>
  <testcase name="Tests1 on Tests1(Selleniun_start_projects.Selleniun_start_projects.AppTest)" classname="Selleniun_start_projects.Selleniun_start_projects.AppTest" time="71.389">
    <failure message="TypeError: browsingContext.currentWindowGlobal is null&#10;Build info: version: &apos;3.13.0&apos;, revision: &apos;2f0d292&apos;, time: &apos;2018-06-25T15:24:21.231Z&apos;&#10;System info: host: &apos;SHARON&apos;, ip: &apos;10.10.65.49&apos;, os.name: &apos;Windows 11&apos;, os.arch: &apos;amd64&apos;, os.version: &apos;10.0&apos;, java.version: &apos;17.0.2&apos;&#10;Driver info: org.openqa.selenium.firefox.FirefoxDriver&#10;Capabilities {acceptInsecureCerts: true, browserName: firefox, browserVersion: 123.0, javascriptEnabled: true, moz:accessibilityChecks: false, moz:buildID: 20240213221259, moz:geckodriverVersion: 0.34.0, moz:headless: false, moz:platformVersion: 10.0, moz:processID: 13792, moz:profile: C:\Users\sharo\AppData\Loca..., moz:shutdownTimeout: 60000, moz:webdriverClick: true, moz:windowless: false, pageLoadStrategy: normal, platform: WINDOWS, platformName: WINDOWS, proxy: Proxy(), setWindowRect: true, strictFileInteractability: false, timeouts: {implicit: 0, pageLoad: 300000, script: 30000}, unhandledPromptBehavior: dismiss and notify}&#10;Session ID: 239781b8-da0b-4fa0-83af-d9443b9626b2&#10;*** Element info: {Using=id, value=firstname}" type="org.openqa.selenium.WebDriverException">org.openqa.selenium.WebDriverException: 
TypeError: browsingContext.currentWindowGlobal is null
Build info: version: '3.13.0', revision: '2f0d292', time: '2018-06-25T15:24:21.231Z'
System info: host: 'SHARON', ip: '10.10.65.49', os.name: 'Windows 11', os.arch: 'amd64', os.version: '10.0', java.version: '17.0.2'
Driver info: org.openqa.selenium.firefox.FirefoxDriver
Capabilities {acceptInsecureCerts: true, browserName: firefox, browserVersion: 123.0, javascriptEnabled: true, moz:accessibilityChecks: false, moz:buildID: 20240213221259, moz:geckodriverVersion: 0.34.0, moz:headless: false, moz:platformVersion: 10.0, moz:processID: 13792, moz:profile: C:\Users\sharo\AppData\Loca..., moz:shutdownTimeout: 60000, moz:webdriverClick: true, moz:windowless: false, pageLoadStrategy: normal, platform: WINDOWS, platformName: WINDOWS, proxy: Proxy(), setWindowRect: true, strictFileInteractability: false, timeouts: {implicit: 0, pageLoad: 300000, script: 30000}, unhandledPromptBehavior: dismiss and notify}
Session ID: 239781b8-da0b-4fa0-83af-d9443b9626b2
*** Element info: {Using=id, value=firstname}
	at Selleniun_start_projects.Selleniun_start_projects.AppTest.Tests1(AppTest.java:39)
</failure>
    <system-out><![CDATA[Usage: <main class> [options] The XML suite files to run
  Options:
    -configfailurepolicy               Configuration failure policy (skip or
                                       continue)
    -d                                 Output directory
    -dataproviderthreadcount           Number of threads to use when running
                                       data providers
    -excludegroups                     Comma-separated list of group names to 
                                       exclude
    -groups                            Comma-separated list of group names to be
                                       run
    -junit                             JUnit mode
                                       Default: false
    -listener                          List of .class files or list of class
                                       names implementing ITestListener or
                                       ISuiteListener
    -methods                           Comma separated of test methods
                                       Default: []
    -methodselectors                   List of .class files or list of class
                                       names implementing IMethodSelector
    -mixed                             Mixed mode - autodetect the type of
                                       current test and run it with appropriate runner
                                       Default: false
    -objectfactory                     List of .class files or list of class
                                       names implementing ITestRunnerFactory
    -parallel                          Parallel mode (methods, tests or classes)
    -port                              The port
    -reporter                          Extended configuration for custom report
                                       listener
    -suitename                         Default name of test suite, if not
                                       specified in suite definition file or source code
    -suitethreadpoolsize               Size of the thread pool to use to run
                                       suites
                                       Default: 1
    -testclass                         The list of test classes
    -testjar                           A jar file containing the tests
    -testname                          Default name of test, if not specified in
                                       suitedefinition file or source code
    -testnames                         The list of test names to run
    -testrunfactory, -testRunFactory   The factory used to create tests
    -threadcount                       Number of threads to use when running
                                       tests in parallel
    -usedefaultlisteners               Whether to use the default listeners
                                       Default: true
    -log, -verbose                     Level of verbosity
    -xmlpathinjar                      The full path to the xml file inside the
                                       jar file (only valid if -testjar was
                                       specified)
                                       Default: testng.xml

]]></system-out>
    <system-err><![CDATA[[TestNG] [Error] No test suite found. Nothing to run
1709543209798	geckodriver	INFO	Listening on 127.0.0.1:9677
1709543210013	mozrunner::runner	INFO	Running command: "C:\\Program Files\\Mozilla Firefox\\firefox.exe" "--marionette" "-no-remote" "-profile" "C:\\Users\\sharo\\AppData\\Local\\Temp\\rust_mozprofile2p5dTC"
console.warn: services.settings: Ignoring preference override of remote settings server
console.warn: services.settings: Allow by setting MOZ_REMOTE_SETTINGS_DEVTOOLS=1 in the environment
1709543210479	Marionette	INFO	Marionette enabled
Dynamically enable window occlusion 0
1709543210564	Marionette	INFO	Listening on port 49863
Read port: 49863
1709543210764	RemoteAgent	WARN	TLS certificate errors will be ignored for this session
מרץ 04, 2024 11:06:52 לפנה״צ org.openqa.selenium.remote.ProtocolHandshake createSession
INFO: Detected dialect: W3C
1709543241754	addons.xpi	ERROR	System addon update list error SyntaxError: XMLHttpRequest.open: 'http://%(server)s/dummy-system-addons.xml' is not a valid URL.
Marionette threw an error: TypeError: browsingContext.currentWindowGlobal is null
getMarionetteCommandsActorProxy/get/<@chrome://remote/content/marionette/actors/MarionetteCommandsParent.sys.mjs:360:17
observe@resource://gre/modules/AsyncShutdown.sys.mjs:570:17

console.error: "Marionette threw an error: TypeError: browsingContext.currentWindowGlobal is null\ngetMarionetteCommandsActorProxy/get/<@chrome://remote/content/marionette/actors/MarionetteCommandsParent.sys.mjs:360:17\nobserve@resource://gre/modules/AsyncShutdown.sys.mjs:570:17\n"
1709543280782	Marionette	INFO	Stopped listening on port 49863
Dynamically enable window occlusion 1
JavaScript error: chrome://remote/content/marionette/cert.sys.mjs, line 47: NS_ERROR_NOT_AVAILABLE: Component returned failure code: 0x80040111 (NS_ERROR_NOT_AVAILABLE) [nsICertOverrideService.setDisableAllSecurityChecksAndLetAttackersInterceptMyData]
]]></system-err>
  </testcase>
  <testcase name="Tests1 on Tests1(Selleniun_start_projects.Selleniun_start_projects.root_calculator2)" classname="Selleniun_start_projects.Selleniun_start_projects.root_calculator2" time="4.53">
    <failure message="Browsing context has been discarded&#10;Build info: version: &apos;3.13.0&apos;, revision: &apos;2f0d292&apos;, time: &apos;2018-06-25T15:24:21.231Z&apos;&#10;System info: host: &apos;SHARON&apos;, ip: &apos;10.10.65.49&apos;, os.name: &apos;Windows 11&apos;, os.arch: &apos;amd64&apos;, os.version: &apos;10.0&apos;, java.version: &apos;17.0.2&apos;&#10;Driver info: org.openqa.selenium.firefox.FirefoxDriver&#10;Capabilities {acceptInsecureCerts: true, browserName: firefox, browserVersion: 123.0, javascriptEnabled: true, moz:accessibilityChecks: false, moz:buildID: 20240213221259, moz:geckodriverVersion: 0.34.0, moz:headless: false, moz:platformVersion: 10.0, moz:processID: 17804, moz:profile: C:\Users\sharo\AppData\Loca..., moz:shutdownTimeout: 60000, moz:webdriverClick: true, moz:windowless: false, pageLoadStrategy: normal, platform: WINDOWS, platformName: WINDOWS, proxy: Proxy(), setWindowRect: true, strictFileInteractability: false, timeouts: {implicit: 0, pageLoad: 300000, script: 30000}, unhandledPromptBehavior: dismiss and notify}&#10;Session ID: d098cadf-83c9-4500-9058-a98435afb566&#10;*** Element info: {Using=id, value=val1}" type="org.openqa.selenium.NoSuchWindowException">org.openqa.selenium.NoSuchWindowException: 
Browsing context has been discarded
Build info: version: '3.13.0', revision: '2f0d292', time: '2018-06-25T15:24:21.231Z'
System info: host: 'SHARON', ip: '10.10.65.49', os.name: 'Windows 11', os.arch: 'amd64', os.version: '10.0', java.version: '17.0.2'
Driver info: org.openqa.selenium.firefox.FirefoxDriver
Capabilities {acceptInsecureCerts: true, browserName: firefox, browserVersion: 123.0, javascriptEnabled: true, moz:accessibilityChecks: false, moz:buildID: 20240213221259, moz:geckodriverVersion: 0.34.0, moz:headless: false, moz:platformVersion: 10.0, moz:processID: 17804, moz:profile: C:\Users\sharo\AppData\Loca..., moz:shutdownTimeout: 60000, moz:webdriverClick: true, moz:windowless: false, pageLoadStrategy: normal, platform: WINDOWS, platformName: WINDOWS, proxy: Proxy(), setWindowRect: true, strictFileInteractability: false, timeouts: {implicit: 0, pageLoad: 300000, script: 30000}, unhandledPromptBehavior: dismiss and notify}
Session ID: d098cadf-83c9-4500-9058-a98435afb566
*** Element info: {Using=id, value=val1}
	at Selleniun_start_projects.Selleniun_start_projects.root_calculator2.Tests1(root_calculator2.java:27)
</failure>
    <system-err><![CDATA[1709543280934	geckodriver	INFO	Listening on 127.0.0.1:56618
1709543280964	mozrunner::runner	INFO	Running command: "C:\\Program Files\\Mozilla Firefox\\firefox.exe" "--marionette" "-no-remote" "-profile" "C:\\Users\\sharo\\AppData\\Local\\Temp\\rust_mozprofileOnUEIy"
console.warn: services.settings: Ignoring preference override of remote settings server
console.warn: services.settings: Allow by setting MOZ_REMOTE_SETTINGS_DEVTOOLS=1 in the environment
1709543281453	Marionette	INFO	Marionette enabled
Dynamically enable window occlusion 0
1709543281898	Marionette	INFO	Listening on port 49955
Read port: 49955
1709543282084	RemoteAgent	WARN	TLS certificate errors will be ignored for this session
מרץ 04, 2024 11:08:03 לפנה״צ org.openqa.selenium.remote.ProtocolHandshake createSession
INFO: Detected dialect: W3C
1709543285333	Marionette	INFO	Stopped listening on port 49955
Dynamically enable window occlusion 1
]]></system-err>
  </testcase>
</testsuite>